<?xml version="1.0" encoding="UTF-8"?>
<!-- Generated by org.testng.reporters.JUnitReportReporter -->
<testsuite skipped="0" hostname="Sony-PC" name="Academy.LoginPageTest" tests="2" failures="0" timestamp="2019-09-19T16:14:19 IST" time="27.900" errors="0">
  <testcase name="getLoginPage" time="7.973" classname="Academy.LoginPageTest"/>
  <testcase name="getLoginPage" time="19.927" classname="Academy.LoginPageTest"/>
</testsuite> <!-- Academy.LoginPageTest -->
