<?xml version="1.0" encoding="UTF-8"?>
<!-- Generated by org.testng.reporters.JUnitReportReporter -->
<testsuite skipped="0" hostname="Sony-PC" name="Academy.LoginPageTest" tests="2" failures="0" timestamp="2019-09-19T20:41:03 IST" time="19.824" errors="0">
  <testcase name="getLoginPage" time="10.339" classname="Academy.LoginPageTest"/>
  <testcase name="getLoginPage" time="9.485" classname="Academy.LoginPageTest"/>
</testsuite> <!-- Academy.LoginPageTest -->
